#
# A fatal error has been detected by the Java Runtime Environment:
#
#  EXCEPTION_ACCESS_VIOLATION (0xc0000005) at pc=0x000000006636563f, pid=160780, tid=0x000000000000a230
#
# JRE version: Java(TM) SE Runtime Environment (8.0_192-b12) (build 1.8.0_192-b12)
# Java VM: Java HotSpot(TM) 64-Bit Server VM (25.192-b12 mixed mode windows-amd64 compressed oops)
# Problematic frame:
# V  [jvm.dll+0x4c563f]
#
# Failed to write core dump. Minidumps are not enabled by default on client versions of Windows
#
# If you would like to submit a bug report, please visit:
#   http://bugreport.java.com/bugreport/crash.jsp
#

---------------  T H R E A D  ---------------

Current thread (0x00000000197bf000):  JavaThread "C2 CompilerThread2" daemon [_thread_in_native, id=41520, stack(0x000000001a380000,0x000000001a480000)]

siginfo: ExceptionCode=0xc0000005, reading address 0x0000000000000008

Registers:
RAX=0x0000000000000000, RBX=0x0000000000000000, RCX=0x000000001bd3fb70, RDX=0x0000000000004000
RSP=0x000000001a47bda0, RBP=0x000000001d877328, RSI=0x000000001bd3fb70, RDI=0x000000001a47c2e0
R8 =0x0000000000000000, R9 =0x000000001e7f8750, R10=0x000000001a47c2e0, R11=0x000000001bdcd3f0
R12=0x000000001d876b50, R13=0x000000001d5d4978, R14=0x000000001a47be88, R15=0x000000001a47bea8
RIP=0x000000006636563f, EFLAGS=0x0000000000010206

Top of Stack: (sp=0x000000001a47bda0)
0x000000001a47bda0:   000000001d876c30 000000001d877328
0x000000001a47bdb0:   000000001bd3fb70 000000001a47c2e0
0x000000001a47bdc0:   000000001d877328 000000001a47bef8
0x000000001a47bdd0:   000000001a47bf50 0000000066366e69
0x000000001a47bde0:   000000001d876c30 00000000000001a7
0x000000001a47bdf0:   0000000000000001 0000000000000160
0x000000001a47be00:   000000001a47ccb8 000000006639a240
0x000000001a47be10:   000000001d7f1fc0 0000000002aaa7f0
0x000000001a47be20:   000000001bb47d60 000000001a47bf50
0x000000001a47be30:   0000000002aaa7f0 0000000000000004
0x000000001a47be40:   000000001a47c2e0 0000000066368c13
0x000000001a47be50:   000000001a47c2e0 0000000000000001
0x000000001a47be60:   0000000000000001 000000001a47bef8
0x000000001a47be70:   000000001d7f2010 000000001d7f9fa8
0x000000001a47be80:   0000000000170d10 0000000002aaa7f0
0x000000001a47be90:   0000000000000200 000000001aa92c60 

Instructions: (pc=0x000000006636563f)
0x000000006636561f:   4c 89 64 24 50 4c 8b e0 4c 3b e8 0f 84 4f 01 00
0x000000006636562f:   00 44 8b 43 28 4c 8b 8f f8 09 00 00 4b 8b 1c c1
0x000000006636563f:   48 8b 43 08 48 83 38 00 75 2a 8b 57 28 0f 1f 40
0x000000006636564f:   00 8b 43 28 3b c2 73 0c 8b c8 48 8b 47 30 48 8b 


Register to memory mapping:

RAX=0x0000000000000000 is an unknown value
RBX=0x0000000000000000 is an unknown value
RCX=0x000000001bd3fb70 is an unknown value
RDX=0x0000000000004000 is an unknown value
RSP=0x000000001a47bda0 is pointing into the stack for thread: 0x00000000197bf000
RBP=0x000000001d877328 is an unknown value
RSI=0x000000001bd3fb70 is an unknown value
RDI=0x000000001a47c2e0 is pointing into the stack for thread: 0x00000000197bf000
R8 =0x0000000000000000 is an unknown value
R9 =0x000000001e7f8750 is an unknown value
R10=0x000000001a47c2e0 is pointing into the stack for thread: 0x00000000197bf000
R11=0x000000001bdcd3f0 is an unknown value
R12=0x000000001d876b50 is an unknown value
R13=0x000000001d5d4978 is an unknown value
R14=0x000000001a47be88 is pointing into the stack for thread: 0x00000000197bf000
R15=0x000000001a47bea8 is pointing into the stack for thread: 0x00000000197bf000


Stack: [0x000000001a380000,0x000000001a480000],  sp=0x000000001a47bda0,  free space=1007k
Native frames: (J=compiled Java code, j=interpreted, Vv=VM code, C=native code)
V  [jvm.dll+0x4c563f]
V  [jvm.dll+0x4c6e69]
V  [jvm.dll+0x4c8c13]
V  [jvm.dll+0x478f60]
V  [jvm.dll+0x479d93]
V  [jvm.dll+0x45c6e2]
V  [jvm.dll+0xa6b32]
V  [jvm.dll+0xa747f]
V  [jvm.dll+0x24642f]
V  [jvm.dll+0x29f20a]
C  [msvcr100.dll+0x21db7]
C  [msvcr100.dll+0x21e53]
C  [KERNEL32.DLL+0x17974]
C  [ntdll.dll+0x6a271]


Current CompileTask:
C2:  10239 5255       4       org.jruby.ast.util.SexpMaker::process (93 bytes)


---------------  P R O C E S S  ---------------

Java Threads: ( => current thread )
  0x000000001e084800 JavaThread "jnr.ffi.util.ref.internal.Finalizer" daemon [_thread_blocked, id=69972, stack(0x000000001f530000,0x000000001f630000)]
  0x000000001bc77800 JavaThread "Ruby-0-JIT-1" daemon [_thread_blocked, id=132468, stack(0x000000001dc60000,0x000000001dd60000)]
  0x000000001984a800 JavaThread "Service Thread" daemon [_thread_blocked, id=88548, stack(0x000000001a580000,0x000000001a680000)]
  0x00000000197c4000 JavaThread "C1 CompilerThread3" daemon [_thread_blocked, id=44420, stack(0x000000001a480000,0x000000001a580000)]
=>0x00000000197bf000 JavaThread "C2 CompilerThread2" daemon [_thread_in_native, id=41520, stack(0x000000001a380000,0x000000001a480000)]
  0x00000000197ae000 JavaThread "C2 CompilerThread1" daemon [_thread_blocked, id=107052, stack(0x000000001a180000,0x000000001a280000)]
  0x00000000197bd800 JavaThread "C2 CompilerThread0" daemon [_thread_blocked, id=196200, stack(0x000000001a080000,0x000000001a180000)]
  0x00000000197bc000 JavaThread "Attach Listener" daemon [_thread_blocked, id=148096, stack(0x0000000019f80000,0x000000001a080000)]
  0x00000000197bb000 JavaThread "Signal Dispatcher" daemon [_thread_blocked, id=200624, stack(0x0000000019e80000,0x0000000019f80000)]
  0x00000000197a0800 JavaThread "Finalizer" daemon [_thread_blocked, id=78720, stack(0x0000000019c80000,0x0000000019d80000)]
  0x00000000179ad000 JavaThread "Reference Handler" daemon [_thread_blocked, id=272580, stack(0x0000000019b80000,0x0000000019c80000)]
  0x00000000029b3800 JavaThread "main" [_thread_in_native, id=220828, stack(0x00000000028b0000,0x00000000029b0000)]

Other Threads:
  0x00000000179a9800 VMThread [stack: 0x0000000019680000,0x0000000019780000] [id=249696]
  0x0000000019863800 WatcherThread [stack: 0x000000001a680000,0x000000001a780000] [id=155244]

VM state:not at safepoint (normal execution)

VM Mutex/Monitor currently owned by a thread: None

heap address: 0x0000000082600000, size: 2010 MB, Compressed Oops mode: 32-bit
Narrow klass base: 0x0000000000000000, Narrow klass shift: 3
Compressed class space size: 1073741824 Address: 0x0000000100000000

Heap:
 PSYoungGen      total 242176K, used 191299K [0x00000000d6200000, 0x00000000e6300000, 0x0000000100000000)
  eden space 228352K, 81% used [0x00000000d6200000,0x00000000e17fe0c0,0x00000000e4100000)
  from space 13824K, 35% used [0x00000000e5580000,0x00000000e5a52df0,0x00000000e6300000)
  to   space 17408K, 0% used [0x00000000e4100000,0x00000000e4100000,0x00000000e5200000)
 ParOldGen       total 68608K, used 35647K [0x0000000082600000, 0x0000000086900000, 0x00000000d6200000)
  object space 68608K, 51% used [0x0000000082600000,0x00000000848cff00,0x0000000086900000)
 Metaspace       used 34791K, capacity 35366K, committed 35416K, reserved 1079296K
  class space    used 6227K, capacity 6395K, committed 6400K, reserved 1048576K

Card table byte_map: [0x0000000011e70000,0x0000000012260000] byte_map_base: 0x0000000011a5d000

Marking Bits: (ParMarkBitMap*) 0x00000000666c3ce0
 Begin Bits: [0x0000000012d00000, 0x0000000014c68000)
 End Bits:   [0x0000000014c68000, 0x0000000016bd0000)

Polling page: 0x0000000002710000

CodeCache: size=245760Kb used=17955Kb max_used=17966Kb free=227804Kb
 bounds [0x0000000002ab0000, 0x0000000003c60000, 0x0000000011ab0000]
 total_blobs=5368 nmethods=4792 adapters=486
 compilation: enabled

Compilation events (10 events):
Event: 10.098 Thread 0x00000000197c4000 5286       1       jnr.ffi.provider.AbstractArrayMemoryIO::hasArray (2 bytes)
Event: 10.098 Thread 0x00000000197c4000 nmethod 5286 0x0000000003c1df10 code [0x0000000003c1e060, 0x0000000003c1e170]
Event: 10.098 Thread 0x00000000197c4000 5287       1       jnr.ffi.provider.AbstractArrayMemoryIO::array (5 bytes)
Event: 10.098 Thread 0x00000000197c4000 nmethod 5287 0x0000000003c1e1d0 code [0x0000000003c1e320, 0x0000000003c1e430]
Event: 10.098 Thread 0x00000000197c4000 5288       1       jnr.ffi.provider.AbstractArrayMemoryIO::arrayOffset (5 bytes)
Event: 10.098 Thread 0x00000000197c4000 nmethod 5288 0x0000000003c1e490 code [0x0000000003c1e5e0, 0x0000000003c1e6f0]
Event: 10.098 Thread 0x00000000197c4000 5289       1       jnr.ffi.provider.AbstractArrayMemoryIO::arrayLength (5 bytes)
Event: 10.098 Thread 0x00000000197c4000 nmethod 5289 0x0000000003c1e750 code [0x0000000003c1e8a0, 0x0000000003c1e9b0]
Event: 10.099 Thread 0x00000000197c4000 5290       3       org.jruby.ast.BeginNode::interpret (13 bytes)
Event: 10.100 Thread 0x00000000197c4000 nmethod 5290 0x0000000003c1ea10 code [0x0000000003c1eb80, 0x0000000003c1eda8]

GC Heap History (10 events):
Event: 6.383 GC heap before
{Heap before GC invocations=13 (full 1):
 PSYoungGen      total 134144K, used 119712K [0x00000000d6200000, 0x00000000e1b00000, 0x0000000100000000)
  eden space 115200K, 100% used [0x00000000d6200000,0x00000000dd280000,0x00000000dd280000)
  from space 18944K, 23% used [0x00000000dd280000,0x00000000dd6e8000,0x00000000de500000)
  to   space 18944K, 0% used [0x00000000e0880000,0x00000000e0880000,0x00000000e1b00000)
 ParOldGen       total 68608K, used 32421K [0x0000000082600000, 0x0000000086900000, 0x00000000d6200000)
  object space 68608K, 47% used [0x0000000082600000,0x00000000845a95a8,0x0000000086900000)
 Metaspace       used 27730K, capacity 27952K, committed 28160K, reserved 1073152K
  class space    used 4764K, capacity 4790K, committed 4864K, reserved 1048576K
Event: 6.387 GC heap after
Heap after GC invocations=13 (full 1):
 PSYoungGen      total 166400K, used 3616K [0x00000000d6200000, 0x00000000e1900000, 0x0000000100000000)
  eden space 149504K, 0% used [0x00000000d6200000,0x00000000d6200000,0x00000000df400000)
  from space 16896K, 21% used [0x00000000e0880000,0x00000000e0c08000,0x00000000e1900000)
  to   space 18944K, 0% used [0x00000000df400000,0x00000000df400000,0x00000000e0680000)
 ParOldGen       total 68608K, used 33317K [0x0000000082600000, 0x0000000086900000, 0x00000000d6200000)
  object space 68608K, 48% used [0x0000000082600000,0x00000000846895a8,0x0000000086900000)
 Metaspace       used 27730K, capacity 27952K, committed 28160K, reserved 1073152K
  class space    used 4764K, capacity 4790K, committed 4864K, reserved 1048576K
}
Event: 6.621 GC heap before
{Heap before GC invocations=14 (full 1):
 PSYoungGen      total 166400K, used 153120K [0x00000000d6200000, 0x00000000e1900000, 0x0000000100000000)
  eden space 149504K, 100% used [0x00000000d6200000,0x00000000df400000,0x00000000df400000)
  from space 16896K, 21% used [0x00000000e0880000,0x00000000e0c08000,0x00000000e1900000)
  to   space 18944K, 0% used [0x00000000df400000,0x00000000df400000,0x00000000e0680000)
 ParOldGen       total 68608K, used 33317K [0x0000000082600000, 0x0000000086900000, 0x00000000d6200000)
  object space 68608K, 48% used [0x0000000082600000,0x00000000846895a8,0x0000000086900000)
 Metaspace       used 28187K, capacity 28432K, committed 28544K, reserved 1073152K
  class space    used 4886K, capacity 4950K, committed 4992K, reserved 1048576K
Event: 6.624 GC heap after
Heap after GC invocations=14 (full 1):
 PSYoungGen      total 168448K, used 2336K [0x00000000d6200000, 0x00000000e4180000, 0x0000000100000000)
  eden space 149504K, 0% used [0x00000000d6200000,0x00000000d6200000,0x00000000df400000)
  from space 18944K, 12% used [0x00000000df400000,0x00000000df648000,0x00000000e0680000)
  to   space 18944K, 0% used [0x00000000e2f00000,0x00000000e2f00000,0x00000000e4180000)
 ParOldGen       total 68608K, used 35623K [0x0000000082600000, 0x0000000086900000, 0x00000000d6200000)
  object space 68608K, 51% used [0x0000000082600000,0x00000000848c9f00,0x0000000086900000)
 Metaspace       used 28187K, capacity 28432K, committed 28544K, reserved 1073152K
  class space    used 4886K, capacity 4950K, committed 4992K, reserved 1048576K
}
Event: 6.835 GC heap before
{Heap before GC invocations=15 (full 1):
 PSYoungGen      total 168448K, used 151840K [0x00000000d6200000, 0x00000000e4180000, 0x0000000100000000)
  eden space 149504K, 100% used [0x00000000d6200000,0x00000000df400000,0x00000000df400000)
  from space 18944K, 12% used [0x00000000df400000,0x00000000df648000,0x00000000e0680000)
  to   space 18944K, 0% used [0x00000000e2f00000,0x00000000e2f00000,0x00000000e4180000)
 ParOldGen       total 68608K, used 35623K [0x0000000082600000, 0x0000000086900000, 0x00000000d6200000)
  object space 68608K, 51% used [0x0000000082600000,0x00000000848c9f00,0x0000000086900000)
 Metaspace       used 28575K, capacity 28848K, committed 28928K, reserved 1073152K
  class space    used 4990K, capacity 5046K, committed 5120K, reserved 1048576K
Event: 6.838 GC heap after
Heap after GC invocations=15 (full 1):
 PSYoungGen      total 202752K, used 2560K [0x00000000d6200000, 0x00000000e3e00000, 0x0000000100000000)
  eden space 187392K, 0% used [0x00000000d6200000,0x00000000d6200000,0x00000000e1900000)
  from space 15360K, 16% used [0x00000000e2f00000,0x00000000e3180000,0x00000000e3e00000)
  to   space 18944K, 0% used [0x00000000e1900000,0x00000000e1900000,0x00000000e2b80000)
 ParOldGen       total 68608K, used 35631K [0x0000000082600000, 0x0000000086900000, 0x00000000d6200000)
  object space 68608K, 51% used [0x0000000082600000,0x00000000848cbf00,0x0000000086900000)
 Metaspace       used 28575K, capacity 28848K, committed 28928K, reserved 1073152K
  class space    used 4990K, capacity 5046K, committed 5120K, reserved 1048576K
}
Event: 7.168 GC heap before
{Heap before GC invocations=16 (full 1):
 PSYoungGen      total 202752K, used 189952K [0x00000000d6200000, 0x00000000e3e00000, 0x0000000100000000)
  eden space 187392K, 100% used [0x00000000d6200000,0x00000000e1900000,0x00000000e1900000)
  from space 15360K, 16% used [0x00000000e2f00000,0x00000000e3180000,0x00000000e3e00000)
  to   space 18944K, 0% used [0x00000000e1900000,0x00000000e1900000,0x00000000e2b80000)
 ParOldGen       total 68608K, used 35631K [0x0000000082600000, 0x0000000086900000, 0x00000000d6200000)
  object space 68608K, 51% used [0x0000000082600000,0x00000000848cbf00,0x0000000086900000)
 Metaspace       used 28942K, capacity 29200K, committed 29312K, reserved 1073152K
  class space    used 5071K, capacity 5142K, committed 5248K, reserved 1048576K
Event: 7.172 GC heap after
Heap after GC invocations=16 (full 1):
 PSYoungGen      total 206336K, used 3200K [0x00000000d6200000, 0x00000000e6780000, 0x0000000100000000)
  eden space 187392K, 0% used [0x00000000d6200000,0x00000000d6200000,0x00000000e1900000)
  from space 18944K, 16% used [0x00000000e1900000,0x00000000e1c20000,0x00000000e2b80000)
  to   space 18432K, 0% used [0x00000000e5580000,0x00000000e5580000,0x00000000e6780000)
 ParOldGen       total 68608K, used 35639K [0x0000000082600000, 0x0000000086900000, 0x00000000d6200000)
  object space 68608K, 51% used [0x0000000082600000,0x00000000848cdf00,0x0000000086900000)
 Metaspace       used 28942K, capacity 29200K, committed 29312K, reserved 1073152K
  class space    used 5071K, capacity 5142K, committed 5248K, reserved 1048576K
}
Event: 7.515 GC heap before
{Heap before GC invocations=17 (full 1):
 PSYoungGen      total 206336K, used 190592K [0x00000000d6200000, 0x00000000e6780000, 0x0000000100000000)
  eden space 187392K, 100% used [0x00000000d6200000,0x00000000e1900000,0x00000000e1900000)
  from space 18944K, 16% used [0x00000000e1900000,0x00000000e1c20000,0x00000000e2b80000)
  to   space 18432K, 0% used [0x00000000e5580000,0x00000000e5580000,0x00000000e6780000)
 ParOldGen       total 68608K, used 35639K [0x0000000082600000, 0x0000000086900000, 0x00000000d6200000)
  object space 68608K, 51% used [0x0000000082600000,0x00000000848cdf00,0x0000000086900000)
 Metaspace       used 29760K, capacity 29956K, committed 30208K, reserved 1075200K
  class space    used 5223K, capacity 5282K, committed 5376K, reserved 1048576K
Event: 7.520 GC heap after
Heap after GC invocations=17 (full 1):
 PSYoungGen      total 242176K, used 4939K [0x00000000d6200000, 0x00000000e6300000, 0x0000000100000000)
  eden space 228352K, 0% used [0x00000000d6200000,0x00000000d6200000,0x00000000e4100000)
  from space 13824K, 35% used [0x00000000e5580000,0x00000000e5a52df0,0x00000000e6300000)
  to   space 17408K, 0% used [0x00000000e4100000,0x00000000e4100000,0x00000000e5200000)
 ParOldGen       total 68608K, used 35647K [0x0000000082600000, 0x0000000086900000, 0x00000000d6200000)
  object space 68608K, 51% used [0x0000000082600000,0x00000000848cff00,0x0000000086900000)
 Metaspace       used 29760K, capacity 29956K, committed 30208K, reserved 1075200K
  class space    used 5223K, capacity 5282K, committed 5376K, reserved 1048576K
}

Deoptimization events (10 events):
Event: 8.913 Thread 0x00000000029b3800 Uncommon trap: reason=unstable_if action=reinterpret pc=0x00000000037794ac method=org.joni.StackMachine.ensure1()Lorg/joni/StackEntry; @ 9
Event: 8.914 Thread 0x00000000029b3800 Uncommon trap: reason=unstable_if action=reinterpret pc=0x0000000003796ff0 method=org.joni.StackMachine.ensure1()Lorg/joni/StackEntry; @ 9
Event: 9.155 Thread 0x00000000029b3800 Uncommon trap: reason=unstable_if action=reinterpret pc=0x0000000003ae5ebc method=com.jcraft.jzlib.InfCodes.inflate_fast(II[II[IILcom/jcraft/jzlib/InfBlocks;Lcom/jcraft/jzlib/ZStream;)I @ 1022
Event: 9.168 Thread 0x00000000029b3800 Uncommon trap: reason=unstable_if action=reinterpret pc=0x00000000039ec580 method=org.yaml.snakeyaml.scanner.ScannerImpl.scanPlain()Lorg/yaml/snakeyaml/tokens/Token; @ 81
Event: 9.373 Thread 0x00000000029b3800 Uncommon trap: reason=unstable_if action=reinterpret pc=0x0000000003b4f15c method=com.jcraft.jzlib.InfBlocks.proc(I)I @ 2769
Event: 9.376 Thread 0x00000000029b3800 Uncommon trap: reason=unstable_if action=reinterpret pc=0x0000000003720b88 method=org.jruby.RubyArray.compare(Lorg/jruby/runtime/ThreadContext;Lorg/jruby/runtime/invokedynamic/MethodNames;Lorg/jruby/runtime/builtin/IRubyObject;)Lorg/jruby/RubyBoolean; @ 4
Event: 9.393 Thread 0x00000000029b3800 Uncommon trap: reason=unstable_if action=reinterpret pc=0x00000000037856a4 method=java.lang.StringCoding$StringEncoder.encode([CII)[B @ 33
Event: 9.397 Thread 0x00000000029b3800 Uncommon trap: reason=unstable_if action=reinterpret pc=0x0000000002d53ea0 method=java.lang.Integer.valueOf(I)Ljava/lang/Integer; @ 3
Event: 9.901 Thread 0x00000000029b3800 Uncommon trap: reason=unstable_if action=reinterpret pc=0x00000000035035fc method=java.io.WinNTFileSystem.prefixLength(Ljava/lang/String;)I @ 73
Event: 9.901 Thread 0x00000000029b3800 Uncommon trap: reason=unstable_if action=reinterpret pc=0x00000000034878f0 method=java.io.WinNTFileSystem.prefixLength(Ljava/lang/String;)I @ 73

Classes redefined (0 events):
No events

Internal exceptions (10 events):
Event: 8.374 Thread 0x00000000029b3800 Implicit null exception at 0x00000000032ba05b to 0x00000000032ba135
Event: 8.375 Thread 0x00000000029b3800 Implicit null exception at 0x0000000002da6eaf to 0x0000000002da6f55
Event: 8.618 Thread 0x00000000029b3800 Implicit null exception at 0x0000000002d0daac to 0x0000000002d0db18
Event: 8.618 Thread 0x00000000029b3800 Exception <a 'java/lang/NullPointerException'> (0x00000000dd65f660) thrown at [C:\workspace\8-2-build-windows-amd64-cygwin\jdk8u192\11897\hotspot\src\share\vm\runtime\sharedRuntime.cpp, line 605]
Event: 8.619 Thread 0x00000000029b3800 Implicit null exception at 0x0000000002d0daac to 0x0000000002d0db18
Event: 8.619 Thread 0x00000000029b3800 Exception <a 'java/lang/NullPointerException'> (0x00000000dd6692a0) thrown at [C:\workspace\8-2-build-windows-amd64-cygwin\jdk8u192\11897\hotspot\src\share\vm\runtime\sharedRuntime.cpp, line 605]
Event: 8.620 Thread 0x00000000029b3800 Implicit null exception at 0x0000000002d0daac to 0x0000000002d0db18
Event: 8.620 Thread 0x00000000029b3800 Exception <a 'java/lang/NullPointerException'> (0x00000000dd676b58) thrown at [C:\workspace\8-2-build-windows-amd64-cygwin\jdk8u192\11897\hotspot\src\share\vm\runtime\sharedRuntime.cpp, line 605]
Event: 8.621 Thread 0x00000000029b3800 Implicit null exception at 0x0000000002d0daac to 0x0000000002d0db18
Event: 8.621 Thread 0x00000000029b3800 Exception <a 'java/lang/NullPointerException'> (0x00000000dd6801b0) thrown at [C:\workspace\8-2-build-windows-amd64-cygwin\jdk8u192\11897\hotspot\src\share\vm\runtime\sharedRuntime.cpp, line 605]

Events (10 events):
Event: 9.901 Thread 0x00000000029b3800 DEOPT UNPACKING pc=0x0000000002af583b sp=0x00000000029a4388 mode 2
Event: 9.901 Thread 0x00000000029b3800 Uncommon trap: trap_request=0xffffff65 fr.pc=0x00000000034878f0
Event: 9.901 Thread 0x00000000029b3800 DEOPT PACKING pc=0x00000000034878f0 sp=0x00000000029a4260
Event: 9.901 Thread 0x00000000029b3800 DEOPT UNPACKING pc=0x0000000002af583b sp=0x00000000029a41f0 mode 2
Event: 10.013 Thread 0x00000000029b3800 DEOPT PACKING pc=0x0000000003a94e89 sp=0x00000000029a4eb0
Event: 10.013 Thread 0x00000000029b3800 DEOPT UNPACKING pc=0x0000000002af7890 sp=0x00000000029a4c18 mode 0
Event: 10.020 Thread 0x00000000029b3800 DEOPT PACKING pc=0x0000000002c6ed66 sp=0x00000000029a5de0
Event: 10.020 Thread 0x00000000029b3800 DEOPT UNPACKING pc=0x0000000002af7890 sp=0x00000000029a5af8 mode 0
Event: 10.082 Thread 0x00000000029b3800 DEOPT PACKING pc=0x0000000003aea1bb sp=0x00000000029a5aa0
Event: 10.082 Thread 0x00000000029b3800 DEOPT UNPACKING pc=0x0000000002af7890 sp=0x00000000029a57d8 mode 0


Dynamic libraries:
0x00007ff6ceab0000 - 0x00007ff6ceae7000 	C:\Devon-dist_3.1.0\software\java\jre\bin\java.exe
0x00007ff8438a0000 - 0x00007ff843a8d000 	C:\WINDOWS\SYSTEM32\ntdll.dll
0x00007ff842c20000 - 0x00007ff842cd3000 	C:\WINDOWS\System32\KERNEL32.DLL
0x00007ff8404b0000 - 0x00007ff840743000 	C:\WINDOWS\System32\KERNELBASE.dll
0x00000000674e0000 - 0x0000000067573000 	C:\WINDOWS\System32\SYSFER.DLL
0x0000000065b70000 - 0x0000000065e95000 	C:\ProgramData\Symantec\Symantec Endpoint Protection\14.2.3332.1000.105\Data\Definitions\IPSDefs\20191018.061\IPSEng64.dll
0x00007ff843260000 - 0x00007ff843303000 	C:\WINDOWS\System32\ADVAPI32.dll
0x00007ff8427c0000 - 0x00007ff84285e000 	C:\WINDOWS\System32\msvcrt.dll
0x00007ff843310000 - 0x00007ff8433ae000 	C:\WINDOWS\System32\sechost.dll
0x00007ff842a90000 - 0x00007ff842bb2000 	C:\WINDOWS\System32\RPCRT4.dll
0x00007ff843610000 - 0x00007ff843618000 	C:\WINDOWS\System32\PSAPI.DLL
0x00007ff843620000 - 0x00007ff8437b7000 	C:\WINDOWS\System32\USER32.dll
0x00007ff840410000 - 0x00007ff840430000 	C:\WINDOWS\System32\win32u.dll
0x00007ff843080000 - 0x00007ff8430a9000 	C:\WINDOWS\System32\GDI32.dll
0x00007ff840920000 - 0x00007ff840ab9000 	C:\WINDOWS\System32\gdi32full.dll
0x00007ff840880000 - 0x00007ff840920000 	C:\WINDOWS\System32\msvcp_win.dll
0x00007ff840750000 - 0x00007ff84084a000 	C:\WINDOWS\System32\ucrtbase.dll
0x00007ff822940000 - 0x00007ff822bb9000 	C:\WINDOWS\WinSxS\amd64_microsoft.windows.common-controls_6595b64144ccf1df_6.0.17763.737_none_05b6437c071e554b\COMCTL32.dll
0x00007ff842d50000 - 0x00007ff84307c000 	C:\WINDOWS\System32\combase.dll
0x00007ff840160000 - 0x00007ff8401de000 	C:\WINDOWS\System32\bcryptPrimitives.dll
0x00007ff8428e0000 - 0x00007ff84290e000 	C:\WINDOWS\System32\IMM32.DLL
0x00007ff83e670000 - 0x00007ff83e7f8000 	C:\Program Files\Avecto\Privilege Guard Client\PGHook.dll
0x00007ff840490000 - 0x00007ff8404a7000 	C:\WINDOWS\System32\CRYPTSP.dll
0x00007ff83ec40000 - 0x00007ff83ec73000 	C:\WINDOWS\system32\rsaenh.dll
0x00007ff840850000 - 0x00007ff840876000 	C:\WINDOWS\System32\bcrypt.dll
0x00007ff83f230000 - 0x00007ff83f23c000 	C:\WINDOWS\SYSTEM32\CRYPTBASE.dll
0x00007ff840ac0000 - 0x00007ff841fb2000 	C:\WINDOWS\System32\shell32.dll
0x00007ff8403c0000 - 0x00007ff84040a000 	C:\WINDOWS\System32\cfgmgr32.dll
0x00007ff842910000 - 0x00007ff8429b8000 	C:\WINDOWS\System32\shcore.dll
0x00007ff83fa10000 - 0x00007ff84015a000 	C:\WINDOWS\System32\windows.storage.dll
0x00007ff83f890000 - 0x00007ff83f8b4000 	C:\WINDOWS\System32\profapi.dll
0x00007ff83f900000 - 0x00007ff83f95d000 	C:\WINDOWS\System32\powrprof.dll
0x00007ff842bc0000 - 0x00007ff842c12000 	C:\WINDOWS\System32\shlwapi.dll
0x00007ff83f8c0000 - 0x00007ff83f8d1000 	C:\WINDOWS\System32\kernel.appcore.dll
0x0000000066910000 - 0x00000000669e1000 	C:\Devon-dist_3.1.0\software\java\jre\bin\msvcr100.dll
0x0000000065ea0000 - 0x0000000066743000 	C:\Devon-dist_3.1.0\software\java\jre\bin\server\jvm.dll
0x00007ff828050000 - 0x00007ff828059000 	C:\WINDOWS\SYSTEM32\WSOCK32.dll
0x00007ff842ce0000 - 0x00007ff842d4d000 	C:\WINDOWS\System32\WS2_32.dll
0x00007ff83cf20000 - 0x00007ff83cf44000 	C:\WINDOWS\SYSTEM32\WINMM.dll
0x00007ff82aef0000 - 0x00007ff82aefa000 	C:\WINDOWS\SYSTEM32\VERSION.dll
0x00007ff83cef0000 - 0x00007ff83cf1d000 	C:\WINDOWS\SYSTEM32\WINMMBASE.dll
0x00007ff838270000 - 0x00007ff83827f000 	C:\Devon-dist_3.1.0\software\java\jre\bin\verify.dll
0x00007ff833580000 - 0x00007ff8335a9000 	C:\Devon-dist_3.1.0\software\java\jre\bin\java.dll
0x00007ff832ce0000 - 0x00007ff832cf6000 	C:\Devon-dist_3.1.0\software\java\jre\bin\zip.dll
0x00007ff83f7c0000 - 0x00007ff83f7e8000 	C:\WINDOWS\SYSTEM32\USERENV.dll
0x00007ff832b10000 - 0x00007ff832b2a000 	C:\Devon-dist_3.1.0\software\java\jre\bin\net.dll
0x00007ff83f0b0000 - 0x00007ff83f117000 	C:\WINDOWS\system32\mswsock.dll
0x00007ff83ede0000 - 0x00007ff83ee1d000 	C:\WINDOWS\SYSTEM32\IPHLPAPI.DLL
0x00007ff842640000 - 0x00007ff842648000 	C:\WINDOWS\System32\NSI.dll
0x00007ff833fa0000 - 0x00007ff833fb6000 	C:\WINDOWS\SYSTEM32\dhcpcsvc6.DLL
0x00007ff833f80000 - 0x00007ff833f9c000 	C:\WINDOWS\SYSTEM32\dhcpcsvc.DLL
0x00007ff83ee30000 - 0x00007ff83eef6000 	C:\WINDOWS\SYSTEM32\DNSAPI.dll
0x00007ff832af0000 - 0x00007ff832b01000 	C:\Devon-dist_3.1.0\software\java\jre\bin\nio.dll
0x000000006e4c0000 - 0x000000006e4df000 	C:\Users\dargonza\AppData\Local\Temp\jffi2364400327104605964.dll
0x00007ff8328b0000 - 0x00007ff8328d4000 	C:\Devon-dist_3.1.0\software\java\jre\bin\sunec.dll
0x00007ff83e380000 - 0x00007ff83e56d000 	C:\WINDOWS\SYSTEM32\dbghelp.dll

VM Arguments:
jvm_args: -XX:+IgnoreUnrecognizedVMOptions --add-opens=java.base/java.security.cert=ALL-UNNAMED --add-opens=java.base/java.security=ALL-UNNAMED --add-opens=java.base/java.util.zip=ALL-UNNAMED --add-opens=java.base/java.lang.reflect=ALL-UNNAMED --add-opens=java.base/javax.crypto=ALL-UNNAMED --illegal-access=warn -Xbootclasspath/a:C:\Devon-dist_3.1.0\conf\.m2\repository\org\jruby\jruby-complete\1.7.22\jruby-complete-1.7.22.jar 
java_command: org.jruby.Main -I C:\Users\dargonza\Desktop\devonfw-official-website\asciidoctor-stylesheet\lib -e load('jar:file:C:\Devon-dist_3.1.0\conf\.m2\repository\org\jruby\jruby-complete\1.7.22\jruby-complete-1.7.22.jar!/META-INF/jruby.home/bin/gem') -- install --ignore-dependencies --no-rdoc --no-ri --no-user-install --no-verbose C:\Devon-dist_3.1.0\conf\.m2\repository\rubygems\compass\0.12.7\compass-0.12.7.gem C:\Devon-dist_3.1.0\conf\.m2\repository\rubygems\sass\3.2.19\sass-3.2.19.gem C:\Devon-dist_3.1.0\conf\.m2\repository\rubygems\chunky_png\1.3.11\chunky_png-1.3.11.gem C:\Devon-dist_3.1.0\conf\.m2\repository\rubygems\fssm\0.2.10\fssm-0.2.10.gem C:\Devon-dist_3.1.0\conf\.m2\repository\rubygems\zurb-foundation\4.3.2\zurb-foundation-4.3.2.gem --bindir C:\Users\dargonza\Desktop\devonfw-official-website\asciidoctor-stylesheet\target\rubygems\bin
java_class_path (initial): C:\Users\dargonza\Desktop\devonfw-official-website\asciidoctor-stylesheet\target\test-classes;C:\Users\dargonza\Desktop\devonfw-official-website\asciidoctor-stylesheet\target\classes;C:\Devon-dist_3.1.0\conf\.m2\repository\org\jruby\jruby-complete\1.7.22\jruby-complete-1.7.22.jar
Launcher Type: SUN_STANDARD

Environment Variables:
JAVA_HOME=C:\Devon-dist_3.1.0\software\java
PATH=C:\Devon-dist_3.1.0\software\cmder\bin;C:\Devon-dist_3.1.0\software\cmder\vendor\bin;C:\Devon-dist_3.1.0\software\cmder\vendor\conemu-maximus5\ConEmu\Scripts;C:\Devon-dist_3.1.0\software\cmder\vendor\conemu-maximus5;C:\Devon-dist_3.1.0\software\cmder\vendor\conemu-maximus5\ConEmu;C:\Devon-dist_3.1.0\software\vscode\bin;C:\Devon-dist_3.1.0\software\testar\bin;C:\Devon-dist_3.1.0\software\subversion;C:\Devon-dist_3.1.0\software\sonarqube\bin;C:\Devon-dist_3.1.0\software\python3;C:\Devon-dist_3.1.0\software\nodejs;C:\Devon-dist_3.1.0\software\maven\bin;C:\Devon-dist_3.1.0\software\logs;C:\Devon-dist_3.1.0\software\java\bin;C:\Devon-dist_3.1.0\software\jasypt\bin;C:\Devon-dist_3.1.0\software\eclipse;C:\Devon-dist_3.1.0\software\devcon;C:\Devon-dist_3.1.0\software\cobigen-cli;C:\Devon-dist_3.1.0\software\cmder\bin;C:\Devon-dist_3.1.0\software\ant\bin;C:\Program Files (x86)\Common Files\Oracle\Java\javapath;C:\ProgramData\DockerDesktop\version-bin;C:\Program Files\Docker\Docker\Resources\bin;C:\WINDOWS\system32;C:\WINDOWS;C:\WINDOWS\System32\Wbem;C:\WINDOWS\System32\WindowsPowerShell\v1.0\;C:\WINDOWS\System32\OpenSSH\;C:\Program Files\OpenJDK11\Bin;C:\Program Files\nodejs\;C:\Users\dargonza\.windows-build-tools\python27\;C:\Users\dargonza\AppData\Local\Microsoft\WindowsApps;C:\Users\dargonza\AppData\Roaming\npm;C:\Users\dargonza\AppData\Roaming\npm;C:\Devon-dist_3.1.0\software\cmder\vendor\git-for-windows\cmd;C:\Devon-dist_3.1.0\software\cmder\vendor\git-for-windows\mingw64\bin;C:\Devon-dist_3.1.0\software\cmder\vendor\git-for-windows\usr\bin;C:\Devon-dist_3.1.0\software\cmder
USERNAME=dargonza
OS=Windows_NT
PROCESSOR_IDENTIFIER=Intel64 Family 6 Model 142 Stepping 10, GenuineIntel



---------------  S Y S T E M  ---------------

OS: Windows 10.0 , 64 bit Build 17763 (10.0.17763.475)

CPU:total 8 (initial active 8) (4 cores per cpu, 2 threads per core) family 6 model 142 stepping 10, cmov, cx8, fxsr, mmx, sse, sse2, sse3, ssse3, sse4.1, sse4.2, popcnt, avx, avx2, aes, clmul, erms, rtm, 3dnowpref, lzcnt, ht, tsc, tscinvbit, bmi1, bmi2, adx

Memory: 4k page, physical 8228040k(383196k free), swap 23407172k(7363952k free)

vm_info: Java HotSpot(TM) 64-Bit Server VM (25.192-b12) for windows-amd64 JRE (1.8.0_192-b12), built on Oct  6 2018 17:12:23 by "java_re" with MS VC++ 10.0 (VS2010)

time: Mon Oct 21 16:47:46 2019
timezone: Romance Daylight Time
elapsed time: 10 seconds (0d 0h 0m 10s)

